\BOOKMARK [1][-]{section.1}{\376\377\000E\000x\000e\000c\000u\000t\000i\000v\000e\000\040\000S\000u\000m\000m\000a\000r\000y}{}% 1
\BOOKMARK [2][-]{subsection.1.1}{\376\377\000K\000e\000y\000\040\000F\000e\000a\000t\000u\000r\000e\000s}{section.1}% 2
\BOOKMARK [1][-]{section.2}{\376\377\000P\000u\000r\000p\000o\000s\000e\000\040\000a\000n\000d\000\040\000U\000s\000e\000\040\000C\000a\000s\000e}{}% 3
\BOOKMARK [2][-]{subsection.2.1}{\376\377\000P\000r\000i\000m\000a\000r\000y\000\040\000O\000b\000j\000e\000c\000t\000i\000v\000e}{section.2}% 4
\BOOKMARK [2][-]{subsection.2.2}{\376\377\000T\000a\000r\000g\000e\000t\000\040\000E\000n\000v\000i\000r\000o\000n\000m\000e\000n\000t}{section.2}% 5
\BOOKMARK [2][-]{subsection.2.3}{\376\377\000L\000e\000g\000a\000l\000\040\000a\000n\000d\000\040\000E\000t\000h\000i\000c\000a\000l\000\040\000C\000o\000n\000s\000i\000d\000e\000r\000a\000t\000i\000o\000n\000s}{section.2}% 6
\BOOKMARK [1][-]{section.3}{\376\377\000T\000e\000c\000h\000n\000i\000c\000a\000l\000\040\000A\000r\000c\000h\000i\000t\000e\000c\000t\000u\000r\000e}{}% 7
\BOOKMARK [2][-]{subsection.3.1}{\376\377\000S\000y\000s\000t\000e\000m\000\040\000C\000o\000m\000p\000o\000n\000e\000n\000t\000s}{section.3}% 8
\BOOKMARK [2][-]{subsection.3.2}{\376\377\000T\000e\000c\000h\000n\000o\000l\000o\000g\000y\000\040\000S\000t\000a\000c\000k}{section.3}% 9
\BOOKMARK [1][-]{section.4}{\376\377\000A\000n\000d\000r\000o\000i\000d\000\040\000P\000e\000r\000m\000i\000s\000s\000i\000o\000n\000s\000\040\000a\000n\000d\000\040\000R\000e\000q\000u\000i\000r\000e\000m\000e\000n\000t\000s}{}% 10
\BOOKMARK [2][-]{subsection.4.1}{\376\377\000R\000e\000q\000u\000i\000r\000e\000d\000\040\000P\000e\000r\000m\000i\000s\000s\000i\000o\000n\000s}{section.4}% 11
\BOOKMARK [2][-]{subsection.4.2}{\376\377\000P\000e\000r\000m\000i\000s\000s\000i\000o\000n\000\040\000R\000a\000t\000i\000o\000n\000a\000l\000e}{section.4}% 12
\BOOKMARK [1][-]{section.5}{\376\377\000C\000o\000m\000p\000o\000n\000e\000n\000t\000\040\000D\000e\000s\000i\000g\000n\000\040\000a\000n\000d\000\040\000I\000m\000p\000l\000e\000m\000e\000n\000t\000a\000t\000i\000o\000n}{}% 13
\BOOKMARK [2][-]{subsection.5.1}{\376\377\000M\000a\000i\000n\000A\000c\000t\000i\000v\000i\000t\000y\000:\000\040\000N\000e\000t\000w\000o\000r\000k\000\040\000S\000c\000a\000n\000n\000e\000r}{section.5}% 14
\BOOKMARK [3][-]{subsubsection.5.1.1}{\376\377\000C\000o\000r\000e\000\040\000F\000u\000n\000c\000t\000i\000o\000n\000a\000l\000i\000t\000y}{subsection.5.1}% 15
\BOOKMARK [3][-]{subsubsection.5.1.2}{\376\377\000W\000i\000F\000i\000\040\000S\000c\000a\000n\000\040\000T\000h\000r\000o\000t\000t\000l\000i\000n\000g}{subsection.5.1}% 16
\BOOKMARK [3][-]{subsubsection.5.1.3}{\376\377\000S\000u\000s\000p\000i\000c\000i\000o\000u\000s\000\040\000N\000e\000t\000w\000o\000r\000k\000\040\000D\000e\000t\000e\000c\000t\000i\000o\000n}{subsection.5.1}% 17
\BOOKMARK [2][-]{subsection.5.2}{\376\377\000T\000r\000a\000c\000k\000e\000r\000A\000c\000t\000i\000v\000i\000t\000y\000:\000\040\000S\000i\000g\000n\000a\000l\000\040\000T\000r\000a\000c\000k\000i\000n\000g\000\040\000a\000n\000d\000\040\000L\000o\000c\000a\000l\000i\000z\000a\000t\000i\000o\000n}{section.5}% 18
\BOOKMARK [3][-]{subsubsection.5.2.1}{\376\377\000R\000S\000S\000I\000\040\000M\000e\000a\000s\000u\000r\000e\000m\000e\000n\000t\000\040\000a\000n\000d\000\040\000D\000i\000s\000t\000a\000n\000c\000e\000\040\000E\000s\000t\000i\000m\000a\000t\000i\000o\000n}{subsection.5.2}% 19
\BOOKMARK [3][-]{subsubsection.5.2.2}{\376\377\000C\000o\000n\000t\000i\000n\000u\000o\000u\000s\000\040\000H\000a\000p\000t\000i\000c\000\040\000F\000e\000e\000d\000b\000a\000c\000k}{subsection.5.2}% 20
\BOOKMARK [3][-]{subsubsection.5.2.3}{\376\377\000V\000i\000s\000u\000a\000l\000\040\000F\000e\000e\000d\000b\000a\000c\000k\000\040\000S\000y\000s\000t\000e\000m}{subsection.5.2}% 21
\BOOKMARK [2][-]{subsection.5.3}{\376\377\000W\000i\000f\000i\000A\000d\000a\000p\000t\000e\000r\000:\000\040\000C\000u\000s\000t\000o\000m\000\040\000L\000i\000s\000t\000\040\000D\000i\000s\000p\000l\000a\000y}{section.5}% 22
\BOOKMARK [1][-]{section.6}{\376\377\000U\000s\000e\000r\000\040\000I\000n\000t\000e\000r\000f\000a\000c\000e\000\040\000D\000e\000s\000i\000g\000n}{}% 23
\BOOKMARK [2][-]{subsection.6.1}{\376\377\000M\000a\000t\000e\000r\000i\000a\000l\000\040\000D\000e\000s\000i\000g\000n\000\040\000P\000r\000i\000n\000c\000i\000p\000l\000e\000s}{section.6}% 24
\BOOKMARK [2][-]{subsection.6.2}{\376\377\000L\000a\000y\000o\000u\000t\000\040\000H\000i\000e\000r\000a\000r\000c\000h\000y}{section.6}% 25
\BOOKMARK [3][-]{subsubsection.6.2.1}{\376\377\000M\000a\000i\000n\000A\000c\000t\000i\000v\000i\000t\000y\000\040\000L\000a\000y\000o\000u\000t}{subsection.6.2}% 26
\BOOKMARK [3][-]{subsubsection.6.2.2}{\376\377\000T\000r\000a\000c\000k\000e\000r\000A\000c\000t\000i\000v\000i\000t\000y\000\040\000L\000a\000y\000o\000u\000t}{subsection.6.2}% 27
\BOOKMARK [1][-]{section.7}{\376\377\000O\000p\000e\000r\000a\000t\000i\000o\000n\000a\000l\000\040\000W\000o\000r\000k\000f\000l\000o\000w}{}% 28
\BOOKMARK [2][-]{subsection.7.1}{\376\377\000A\000p\000p\000l\000i\000c\000a\000t\000i\000o\000n\000\040\000S\000t\000a\000r\000t\000u\000p\000\040\000S\000e\000q\000u\000e\000n\000c\000e}{section.7}% 29
\BOOKMARK [2][-]{subsection.7.2}{\376\377\000N\000e\000t\000w\000o\000r\000k\000\040\000D\000e\000t\000e\000c\000t\000i\000o\000n\000\040\000a\000n\000d\000\040\000T\000r\000a\000c\000k\000i\000n\000g\000\040\000W\000o\000r\000k\000f\000l\000o\000w}{section.7}% 30
\BOOKMARK [1][-]{section.8}{\376\377\000T\000e\000c\000h\000n\000i\000c\000a\000l\000\040\000C\000h\000a\000l\000l\000e\000n\000g\000e\000s\000\040\000a\000n\000d\000\040\000S\000o\000l\000u\000t\000i\000o\000n\000s}{}% 31
\BOOKMARK [2][-]{subsection.8.1}{\376\377\000W\000i\000F\000i\000\040\000S\000c\000a\000n\000\040\000T\000h\000r\000o\000t\000t\000l\000i\000n\000g}{section.8}% 32
\BOOKMARK [2][-]{subsection.8.2}{\376\377\000L\000o\000c\000a\000t\000i\000o\000n\000\040\000P\000e\000r\000m\000i\000s\000s\000i\000o\000n\000\040\000R\000e\000q\000u\000i\000r\000e\000m\000e\000n\000t\000s}{section.8}% 33
\BOOKMARK [2][-]{subsection.8.3}{\376\377\000R\000S\000S\000I\000\040\000M\000e\000a\000s\000u\000r\000e\000m\000e\000n\000t\000\040\000A\000c\000c\000u\000r\000a\000c\000y}{section.8}% 34
\BOOKMARK [1][-]{section.9}{\376\377\000T\000e\000s\000t\000i\000n\000g\000\040\000a\000n\000d\000\040\000V\000a\000l\000i\000d\000a\000t\000i\000o\000n}{}% 35
\BOOKMARK [2][-]{subsection.9.1}{\376\377\000T\000e\000s\000t\000\040\000E\000n\000v\000i\000r\000o\000n\000m\000e\000n\000t}{section.9}% 36
\BOOKMARK [2][-]{subsection.9.2}{\376\377\000T\000e\000s\000t\000\040\000S\000c\000e\000n\000a\000r\000i\000o\000s}{section.9}% 37
\BOOKMARK [2][-]{subsection.9.3}{\376\377\000P\000e\000r\000f\000o\000r\000m\000a\000n\000c\000e\000\040\000M\000e\000t\000r\000i\000c\000s}{section.9}% 38
\BOOKMARK [1][-]{section.10}{\376\377\000D\000e\000p\000l\000o\000y\000m\000e\000n\000t\000\040\000a\000n\000d\000\040\000C\000o\000n\000f\000i\000g\000u\000r\000a\000t\000i\000o\000n}{}% 39
\BOOKMARK [2][-]{subsection.10.1}{\376\377\000I\000n\000s\000t\000a\000l\000l\000a\000t\000i\000o\000n\000\040\000R\000e\000q\000u\000i\000r\000e\000m\000e\000n\000t\000s}{section.10}% 40
\BOOKMARK [2][-]{subsection.10.2}{\376\377\000I\000n\000i\000t\000i\000a\000l\000\040\000C\000o\000n\000f\000i\000g\000u\000r\000a\000t\000i\000o\000n}{section.10}% 41
\BOOKMARK [1][-]{section.11}{\376\377\000F\000u\000t\000u\000r\000e\000\040\000E\000n\000h\000a\000n\000c\000e\000m\000e\000n\000t\000s}{}% 42
\BOOKMARK [2][-]{subsection.11.1}{\376\377\000P\000l\000a\000n\000n\000e\000d\000\040\000F\000e\000a\000t\000u\000r\000e\000s}{section.11}% 43
\BOOKMARK [2][-]{subsection.11.2}{\376\377\000T\000e\000c\000h\000n\000i\000c\000a\000l\000\040\000I\000m\000p\000r\000o\000v\000e\000m\000e\000n\000t\000s}{section.11}% 44
\BOOKMARK [1][-]{section.12}{\376\377\000C\000o\000n\000c\000l\000u\000s\000i\000o\000n}{}% 45
\BOOKMARK [1][-]{appendix.A}{\376\377\000C\000o\000m\000p\000l\000e\000t\000e\000\040\000S\000o\000u\000r\000c\000e\000\040\000C\000o\000d\000e}{}% 46
\BOOKMARK [2][-]{subsection.A.1}{\376\377\000M\000a\000i\000n\000A\000c\000t\000i\000v\000i\000t\000y\000.\000j\000a\000v\000a}{appendix.A}% 47
\BOOKMARK [2][-]{subsection.A.2}{\376\377\000T\000r\000a\000c\000k\000e\000r\000A\000c\000t\000i\000v\000i\000t\000y\000.\000j\000a\000v\000a}{appendix.A}% 48
\BOOKMARK [2][-]{subsection.A.3}{\376\377\000W\000i\000f\000i\000A\000d\000a\000p\000t\000e\000r\000.\000j\000a\000v\000a}{appendix.A}% 49
\BOOKMARK [1][-]{appendix.B}{\376\377\000X\000M\000L\000\040\000L\000a\000y\000o\000u\000t\000s}{}% 50
\BOOKMARK [2][-]{subsection.B.1}{\376\377\000a\000c\000t\000i\000v\000i\000t\000y\000\137\000m\000a\000i\000n\000.\000x\000m\000l}{appendix.B}% 51
\BOOKMARK [2][-]{subsection.B.2}{\376\377\000a\000c\000t\000i\000v\000i\000t\000y\000\137\000t\000r\000a\000c\000k\000e\000r\000.\000x\000m\000l}{appendix.B}% 52
\BOOKMARK [2][-]{subsection.B.3}{\376\377\000w\000i\000f\000i\000\137\000l\000i\000s\000t\000\137\000i\000t\000e\000m\000.\000x\000m\000l}{appendix.B}% 53
